<?xml version="1.0" encoding="UTF-8"?>
<!-- Generated by org.testng.reporters.JUnitReportReporter -->
<testsuite hostname="DESKTOP-24VCBV6" failures="0" tests="1" name="TestCases.TC01_Register" time="4.628" errors="0" timestamp="2024-07-13T02:06:05 EET" skipped="0">
  <testcase classname="TestCases.TC01_Register" name="registerPage" time="4.628"/>
</testsuite> <!-- TestCases.TC01_Register -->
