<?xml version="1.0" encoding="UTF-8"?>
<!-- Generated by org.testng.reporters.JUnitReportReporter -->
<testsuite hostname="DESKTOP-24VCBV6" failures="0" tests="3" name="TestCases.TC03_LogOut" time="2.372" errors="0" timestamp="2024-07-13T03:40:11 EET" skipped="0">
  <testcase classname="TestCases.TC03_LogOut" name="logOutPage" time="0.869"/>
  <testcase classname="TestCases.TC03_LogOut" name="logOutPage" time="0.757"/>
  <testcase classname="TestCases.TC03_LogOut" name="logOutPage" time="0.746"/>
</testsuite> <!-- TestCases.TC03_LogOut -->
