<?xml version="1.0" encoding="UTF-8"?>
<!-- Generated by org.testng.reporters.JUnitReportReporter -->
<testsuite hostname="DESKTOP-24VCBV6" failures="0" tests="2" name="TestCases.TC02_Login" time="4.110" errors="0" timestamp="2024-07-13T03:40:11 EET" skipped="0">
  <testcase classname="TestCases.TC02_Login" name="loginPage" time="2.148"/>
  <testcase classname="TestCases.TC02_Login" name="loginPage" time="1.962"/>
</testsuite> <!-- TestCases.TC02_Login -->
