<?xml version="1.0" encoding="UTF-8"?>
<!-- Generated by org.testng.reporters.JUnitReportReporter -->
<testsuite hostname="DESKTOP-24VCBV6" failures="0" tests="4" name="TestCases.TC04_NewAccount" time="5.238" errors="0" timestamp="2024-07-13T02:33:02 EET" skipped="0">
  <testcase classname="TestCases.TC04_NewAccount" name="createNewAccount" time="2.913"/>
  <testcase classname="TestCases.TC04_NewAccount" name="createNewAccount" time="2.108"/>
  <testcase classname="TestCases.TC04_NewAccount" name="saveFirstAccId" time="0.077"/>
  <testcase classname="TestCases.TC04_NewAccount" name="saveSecondAccId" time="0.140"/>
</testsuite> <!-- TestCases.TC04_NewAccount -->
