<?xml version="1.0" encoding="UTF-8"?>
<!-- Generated by org.testng.reporters.JUnitReportReporter -->
<testsuite hostname="DESKTOP-24VCBV6" failures="0" tests="4" name="TestCases.TC04_NewAccount" time="4.555" errors="0" timestamp="2024-07-13T03:04:08 EET" skipped="0">
  <testcase classname="TestCases.TC04_NewAccount" name="createNewAccount" time="1.616"/>
  <testcase classname="TestCases.TC04_NewAccount" name="createNewAccount" time="2.532"/>
  <testcase classname="TestCases.TC04_NewAccount" name="saveFirstAccId" time="0.107"/>
  <testcase classname="TestCases.TC04_NewAccount" name="saveSecondAccId" time="0.300"/>
</testsuite> <!-- TestCases.TC04_NewAccount -->
