<?xml version="1.0" encoding="UTF-8"?>
<!-- Generated by org.testng.reporters.JUnitReportReporter -->
<testsuite hostname="DESKTOP-24VCBV6" failures="0" tests="1" name="TestCases.TC05_TransferFunds" time="2.467" errors="0" timestamp="2024-07-13T03:04:08 EET" skipped="0">
  <testcase classname="TestCases.TC05_TransferFunds" name="openTransferFunds" time="2.467"/>
</testsuite> <!-- TestCases.TC05_TransferFunds -->
