<?xml version="1.0" encoding="UTF-8"?>
<!-- Generated by org.testng.reporters.JUnitReportReporter -->
<testsuite hostname="DESKTOP-24VCBV6" failures="0" tests="1" name="TestCases.TC01_Register" time="6.233" errors="0" timestamp="2024-07-13T03:40:11 EET" skipped="0">
  <testcase classname="TestCases.TC01_Register" name="registerPage" time="6.233"/>
</testsuite> <!-- TestCases.TC01_Register -->
